<?xml version="1.0" encoding="UTF-8"?>
<testng-results skipped="0" failed="0" ignored="0" total="2" passed="2">
  <reporter-output>
  </reporter-output>
  <suite name="Suite" duration-ms="45582" started-at="2020-08-20T12:28:04 IST" finished-at="2020-08-20T12:28:50 IST">
    <groups>
    </groups>
    <test name="Test" duration-ms="45582" started-at="2020-08-20T12:28:04 IST" finished-at="2020-08-20T12:28:50 IST">
      <class name="docker.DockerWithFirefox4">
        <test-method status="PASS" signature="test4()[pri:0, instance:docker.DockerWithFirefox4@402a079c]" name="test4" duration-ms="15252" started-at="2020-08-20T12:28:24 IST" finished-at="2020-08-20T12:28:40 IST">
          <reporter-output>
          </reporter-output>
        </test-method> <!-- test4 -->
      </class> <!-- docker.DockerWithFirefox4 -->
      <class name="docker.Setup_DockerGrid">
        <test-method status="PASS" signature="startDockerGrid()[pri:0, instance:docker.Setup_DockerGrid@6500df86]" name="startDockerGrid" is-config="true" duration-ms="20129" started-at="2020-08-20T12:28:04 IST" finished-at="2020-08-20T12:28:24 IST">
          <reporter-output>
          </reporter-output>
        </test-method> <!-- startDockerGrid -->
        <test-method status="PASS" signature="stopDockerGrid()[pri:0, instance:docker.Setup_DockerGrid@6500df86]" name="stopDockerGrid" is-config="true" duration-ms="10157" started-at="2020-08-20T12:28:40 IST" finished-at="2020-08-20T12:28:50 IST">
          <reporter-output>
          </reporter-output>
        </test-method> <!-- stopDockerGrid -->
      </class> <!-- docker.Setup_DockerGrid -->
      <class name="docker.DockerWithChrome">
        <test-method status="PASS" signature="test1()[pri:0, instance:docker.DockerWithChrome@59ec2012]" name="test1" duration-ms="5986" started-at="2020-08-20T12:28:24 IST" finished-at="2020-08-20T12:28:30 IST">
          <reporter-output>
          </reporter-output>
        </test-method> <!-- test1 -->
      </class> <!-- docker.DockerWithChrome -->
    </test> <!-- Test -->
  </suite> <!-- Suite -->
</testng-results>
